Using pre-set license
Built from '6000.0/staging' branch; Version is '6000.0.47f1 (2ad1ed33fd3b) revision 2806253'; Using compiler version '193933523'; Build Type 'Release'
OS: 'Windows 11  (10.0.26100) 64bit CoreSingleLanguage' Language: 'vi' Physical Memory: 16085 MB
BatchMode: 1, IsHumanControllingUs: 0, StartBugReporterOnCrash: 0, Is64bit: 1, IsPro: 1

COMMAND LINE ARGUMENTS:
C:\Program Files\Unity\Hub\Editor\6000.0.47f1\Editor\Unity.exe
-adb2
-batchMode
-noUpm
-name
AssetImportWorker0
-projectPath
C:/Users/SangNguyen/Desktop/3ddemo-bida
-logFile
Logs/AssetImportWorker0.log
-srvPort
60611
-job-worker-count
5
-background-job-worker-count
8
-gc-helper-count
1
Successfully changed project path to: C:/Users/SangNguyen/Desktop/3ddemo-bida
C:/Users/SangNguyen/Desktop/3ddemo-bida
[UnityMemory] Configuration Parameters - Can be set up in boot.config
    "memorysetup-bucket-allocator-granularity=16"
    "memorysetup-bucket-allocator-bucket-count=8"
    "memorysetup-bucket-allocator-block-size=33554432"
    "memorysetup-bucket-allocator-block-count=8"
    "memorysetup-main-allocator-block-size=16777216"
    "memorysetup-thread-allocator-block-size=16777216"
    "memorysetup-gfx-main-allocator-block-size=16777216"
    "memorysetup-gfx-thread-allocator-block-size=16777216"
    "memorysetup-cache-allocator-block-size=4194304"
    "memorysetup-typetree-allocator-block-size=2097152"
    "memorysetup-profiler-bucket-allocator-granularity=16"
    "memorysetup-profiler-bucket-allocator-bucket-count=8"
    "memorysetup-profiler-bucket-allocator-block-size=33554432"
    "memorysetup-profiler-bucket-allocator-block-count=8"
    "memorysetup-profiler-allocator-block-size=16777216"
    "memorysetup-profiler-editor-allocator-block-size=1048576"
    "memorysetup-temp-allocator-size-main=16777216"
    "memorysetup-job-temp-allocator-block-size=2097152"
    "memorysetup-job-temp-allocator-block-size-background=1048576"
    "memorysetup-job-temp-allocator-reduction-small-platforms=262144"
    "memorysetup-allocator-temp-initial-block-size-main=262144"
    "memorysetup-allocator-temp-initial-block-size-worker=262144"
    "memorysetup-temp-allocator-size-background-worker=32768"
    "memorysetup-temp-allocator-size-job-worker=262144"
    "memorysetup-temp-allocator-size-preload-manager=33554432"
    "memorysetup-temp-allocator-size-nav-mesh-worker=65536"
    "memorysetup-temp-allocator-size-audio-worker=65536"
    "memorysetup-temp-allocator-size-cloud-worker=32768"
    "memorysetup-temp-allocator-size-gi-baking-worker=262144"
    "memorysetup-temp-allocator-size-gi-baking-worker=262144"
    "memorysetup-temp-allocator-size-gi-baking-worker=262144"
    "memorysetup-temp-allocator-size-gi-baking-worker=262144"
    "memorysetup-temp-allocator-size-gi-baking-worker=262144"
    "memorysetup-temp-allocator-size-gfx=262144"
Player connection [11236]  Target information:

Player connection [11236]  * "[IP] 192.168.1.181 [Port] 0 [Flags] 2 [Guid] 1261899527 [EditorId] 1261899527 [Version] 1048832 [Id] WindowsEditor(7,MSI) [Debug] 1 [PackageName] WindowsEditor [ProjectName] Editor" 

Player connection [11236] Host joined multi-casting on [225.0.0.222:54997]...
Player connection [11236] Host joined alternative multi-casting on [225.0.0.222:34997]...
JobSystem: Creating JobQueue using job-worker-count value 5
Input System module state changed to: Initialized.
[Physics::Module] Initialized fallback backend.
[Physics::Module] Id: 0xdecafbad
Library Redirect Path: Library/
[Physics::Module] Selected backend.
[Physics::Module] Name: PhysX
[Physics::Module] Id: 0xf2b8ea05
[Physics::Module] SDK Version: 4.1.2
[Physics::Module] Integration Version: 1.0.0
[Physics::Module] Threading Mode: Multi-Threaded
Refreshing native plugins compatible for Editor in 475.35 ms, found 3 plugins.
Preloading 0 native plugins for Editor in 0.00 ms.
Initialize engine version: 6000.0.47f1 (2ad1ed33fd3b)
[Subsystems] Discovering subsystems at path C:/Program Files/Unity/Hub/Editor/6000.0.47f1/Editor/Data/Resources/UnitySubsystems
[Subsystems] Discovering subsystems at path C:/Users/SangNguyen/Desktop/3ddemo-bida/Assets
GfxDevice: creating device client; kGfxThreadingModeNonThreaded
Direct3D:
    Version:  Direct3D 11.0 [level 11.1]
    Renderer: NVIDIA GeForce RTX 4050 Laptop GPU (ID=0x28a1)
    Vendor:   NVIDIA
    VRAM:     5921 MB
    Driver:   32.0.15.6614
Initialize mono
Mono path[0] = 'C:/Program Files/Unity/Hub/Editor/6000.0.47f1/Editor/Data/Managed'
Mono path[1] = 'C:/Program Files/Unity/Hub/Editor/6000.0.47f1/Editor/Data/MonoBleedingEdge/lib/mono/unityjit-win32'
Mono config path = 'C:/Program Files/Unity/Hub/Editor/6000.0.47f1/Editor/Data/MonoBleedingEdge/etc'
Using monoOptions --debugger-agent=transport=dt_socket,embedding=1,server=y,suspend=n,address=127.0.0.1:56092
Begin MonoManager ReloadAssembly
Registering precompiled unity dll's ...
Register platform support module: C:/Program Files/Unity/Hub/Editor/6000.0.47f1/Editor/Data/PlaybackEngines/WebGLSupport/UnityEditor.WebGL.Extensions.dll
Register platform support module: C:/Program Files/Unity/Hub/Editor/6000.0.47f1/Editor/Data/PlaybackEngines/MacStandaloneSupport/UnityEditor.OSXStandalone.Extensions.dll
Register platform support module: C:/Program Files/Unity/Hub/Editor/6000.0.47f1/Editor/Data/PlaybackEngines/VisionOSPlayer/UnityEditor.VisionOS.Extensions.dll
Register platform support module: C:/Program Files/Unity/Hub/Editor/6000.0.47f1/Editor/Data/PlaybackEngines/WindowsStandaloneSupport/UnityEditor.WindowsStandalone.Extensions.dll
Register platform support module: C:/Program Files/Unity/Hub/Editor/6000.0.47f1/Editor/Data/PlaybackEngines/MetroSupport/UnityEditor.UWP.Extensions.dll
Register platform support module: C:/Program Files/Unity/Hub/Editor/6000.0.47f1/Editor/Data/PlaybackEngines/AndroidPlayer/UnityEditor.Android.Extensions.dll
Register platform support module: C:/Program Files/Unity/Hub/Editor/6000.0.47f1/Editor/Data/PlaybackEngines/iOSSupport/UnityEditor.iOS.Extensions.dll
Register platform support module: C:/Program Files/Unity/Hub/Editor/6000.0.47f1/Editor/Data/PlaybackEngines/AppleTVSupport/UnityEditor.AppleTV.Extensions.dll
Register platform support module: C:/Program Files/Unity/Hub/Editor/6000.0.47f1/Editor/Data/PlaybackEngines/LinuxStandaloneSupport/UnityEditor.LinuxStandalone.Extensions.dll
Registered in 4.594271 seconds.
- Loaded All Assemblies, in 45.712 seconds
Native extension for LinuxStandalone target not found
[usbmuxd] Start listen thread
[usbmuxd] Listen thread started
Native extension for AppleTV target not found
[usbmuxd] Start listen thread
[usbmuxd] Listen thread started
Native extension for iOS target not found
Native extension for Android target not found
Android Extension - Scanning For ADB Devices 1079 ms
Native extension for UWP target not found
Native extension for WindowsStandalone target not found
Failed to load: C:/Program Files/Unity/Hub/Editor/6000.0.47f1/Editor/Data/PlaybackEngines/VisionOSPlayer\x64\UnityEditor.VisionOS.Native.dll
Native extension for VisionOS target not found
Native extension for OSXStandalone target not found
Native extension for WebGL target not found
Mono: successfully reloaded assembly
- Finished resetting the current domain, in  7.081 seconds
Domain Reload Profiling: 52785ms
	BeginReloadAssembly (32946ms)
		ExecutionOrderSort (0ms)
		DisableScriptedObjects (0ms)
		BackupInstance (0ms)
		ReleaseScriptingObjects (0ms)
		CreateAndSetChildDomain (1ms)
	RebuildCommonClasses (874ms)
	RebuildNativeTypeToScriptingClass (69ms)
	initialDomainReloadingComplete (4759ms)
	LoadAllAssembliesAndSetupDomain (7055ms)
		LoadAssemblies (33289ms)
		RebuildTransferFunctionScriptingTraits (0ms)
		AnalyzeDomain (6684ms)
			TypeCache.Refresh (6674ms)
				TypeCache.ScanAssembly (6624ms)
			BuildScriptInfoCaches (0ms)
			ResolveRequiredComponents (6ms)
	FinalizeReload (7081ms)
		ReleaseScriptCaches (0ms)
		RebuildScriptCaches (0ms)
		SetupLoadedEditorAssemblies (6990ms)
			LogAssemblyErrors (0ms)
			InitializePlatformSupportModulesInManaged (6538ms)
			SetLoadedEditorAssemblies (11ms)
			BeforeProcessingInitializeOnLoad (127ms)
			ProcessInitializeOnLoadAttributes (220ms)
			ProcessInitializeOnLoadMethodAttributes (94ms)
			AfterProcessingInitializeOnLoad (0ms)
			EditorAssembliesLoaded (0ms)
		ExecutionOrderSort2 (0ms)
		AwakeInstancesAfterBackupRestoration (0ms)
Assembly reference Packages/com.unity.cinemachine/Editor/Samples/ExposeHDRPInternals/HDRP-Editor-ref.asmref has no target assembly definition
========================================================================
Worker process is ready to serve import requests
Import Worker Mode flag is 0x00
Assembly reference Packages/com.unity.cinemachine/Editor/Samples/ExposeHDRPInternals/HDRP-Editor-ref.asmref has no target assembly definition
Assembly reference Packages/com.unity.cinemachine/Editor/Samples/ExposeHDRPInternals/HDRP-Editor-ref.asmref has no target assembly definition
Begin MonoManager ReloadAssembly
- Loaded All Assemblies, in 39.864 seconds
Assembly reference Packages/com.unity.cinemachine/Editor/Samples/ExposeHDRPInternals/HDRP-Editor-ref.asmref has no target assembly definition
'Packages/com.unity.cinemachine/Editor/Obsolete/CinemachineVirtualCameraBaseEditor.cs' contains partial class of Unity.Object, exactly 1 of the partial classes needs to be in a file with the same filename. This is to know the one that can be referenced from ie. GameObjects
'Packages/com.unity.cinemachine/Editor/Editors/CinemachineVirtualCameraBaseEditor.cs' contains partial class of Unity.Object, exactly 1 of the partial classes needs to be in a file with the same filename. This is to know the one that can be referenced from ie. GameObjects
Refreshing native plugins compatible for Editor in 0.70 ms, found 3 plugins.
Native extension for LinuxStandalone target not found
Native extension for AppleTV target not found
Native extension for iOS target not found
Native extension for Android target not found
Native extension for UWP target not found
Native extension for WindowsStandalone target not found
Failed to load: C:/Program Files/Unity/Hub/Editor/6000.0.47f1/Editor/Data/PlaybackEngines/VisionOSPlayer\x64\UnityEditor.VisionOS.Native.dll
Native extension for VisionOS target not found
Native extension for OSXStandalone target not found
Native extension for WebGL target not found
Assembly reference Packages/com.unity.cinemachine/Editor/Samples/ExposeHDRPInternals/HDRP-Editor-ref.asmref has no target assembly definition
Package Manager log level set to [2]
[Package Manager] Failed to launch server process. Reason: Unity was launched with the -noUpm command-line argument
[Package Manager] Unable to send message (not connected to server process).
[Package Manager] Cannot connect to Unity Package Manager local server
Mono: successfully reloaded assembly
- Finished resetting the current domain, in  4.641 seconds
Domain Reload Profiling: 44491ms
	BeginReloadAssembly (395ms)
		ExecutionOrderSort (0ms)
		DisableScriptedObjects (13ms)
		BackupInstance (0ms)
		ReleaseScriptingObjects (0ms)
		CreateAndSetChildDomain (58ms)
	RebuildCommonClasses (97ms)
	RebuildNativeTypeToScriptingClass (28ms)
	initialDomainReloadingComplete (81ms)
	LoadAllAssembliesAndSetupDomain (39249ms)
		LoadAssemblies (37876ms)
		RebuildTransferFunctionScriptingTraits (0ms)
		AnalyzeDomain (1628ms)
			TypeCache.Refresh (1561ms)
				TypeCache.ScanAssembly (1536ms)
			BuildScriptInfoCaches (51ms)
			ResolveRequiredComponents (11ms)
	FinalizeReload (4642ms)
		ReleaseScriptCaches (0ms)
		RebuildScriptCaches (0ms)
		SetupLoadedEditorAssemblies (2400ms)
			LogAssemblyErrors (0ms)
			InitializePlatformSupportModulesInManaged (43ms)
			SetLoadedEditorAssemblies (5ms)
			BeforeProcessingInitializeOnLoad (113ms)
			ProcessInitializeOnLoadAttributes (484ms)
			ProcessInitializeOnLoadMethodAttributes (1749ms)
			AfterProcessingInitializeOnLoad (5ms)
			EditorAssembliesLoaded (0ms)
		ExecutionOrderSort2 (0ms)
		AwakeInstancesAfterBackupRestoration (6ms)
Launched and connected shader compiler UnityShaderCompiler.exe after 0.04 seconds
Refreshing native plugins compatible for Editor in 3.79 ms, found 3 plugins.
Preloading 0 native plugins for Editor in 0.00 ms.
Unloading 217 Unused Serialized files (Serialized files now loaded: 0)
Unloading 6500 unused Assets / (6.5 MB). Loaded Objects now: 7191.
Memory consumption went from 172.2 MB to 165.6 MB.
Total: 13.414800 ms (FindLiveObjects: 1.313600 ms CreateObjectMapping: 0.599900 ms MarkObjects: 7.018700 ms  DeleteObjects: 4.480200 ms)

========================================================================
Received Import Request.
  Time since last request: 256984.326381 seconds.
  path: Assets/Image/PlayButton-removebg-preview.png
  artifactKey: Guid(e5cda3533a8905541b7dd33b977ee2cd) Importer(815301076,1909f56bfc062723c751e8b465ee728b)
Start importing Assets/Image/PlayButton-removebg-preview.png using Guid(e5cda3533a8905541b7dd33b977ee2cd) Importer(815301076,1909f56bfc062723c751e8b465ee728b) (PreviewImporter) -> (artifact id: 'ce8cb3a7bb41c9ee1bca8ed3d193bbb6') in 0.1998328 seconds
Number of updated asset objects reloaded before import = 1Number of asset objects unloaded after import = 2

========================================================================
Received Import Request.
  Time since last request: 6.072997 seconds.
  path: Assets/Image/PlayButton-removebg-preview.png
  artifactKey: Guid(e5cda3533a8905541b7dd33b977ee2cd) Importer(815301076,1909f56bfc062723c751e8b465ee728b)
Start importing Assets/Image/PlayButton-removebg-preview.png using Guid(e5cda3533a8905541b7dd33b977ee2cd) Importer(815301076,1909f56bfc062723c751e8b465ee728b) (PreviewImporter) -> (artifact id: 'a104d5899cd641327ba9c3b20b2053b6') in 0.0631466 seconds
Number of updated asset objects reloaded before import = 0Number of asset objects unloaded after import = 3

========================================================================
Received Import Request.
  Time since last request: 2111.549837 seconds.
  path: Assets/Image/Home-removebg-preview.png
  artifactKey: Guid(e371c60be77a70641878761ff5b09da7) Importer(815301076,1909f56bfc062723c751e8b465ee728b)
Start importing Assets/Image/Home-removebg-preview.png using Guid(e371c60be77a70641878761ff5b09da7) Importer(815301076,1909f56bfc062723c751e8b465ee728b) (PreviewImporter) -> (artifact id: 'ea7d94a51065908741a04a77537e1997') in 0.049501 seconds
Number of updated asset objects reloaded before import = 0Number of asset objects unloaded after import = 2

========================================================================
Received Import Request.
  Time since last request: 4.455088 seconds.
  path: Assets/Image/Home-removebg-preview.png
  artifactKey: Guid(e371c60be77a70641878761ff5b09da7) Importer(815301076,1909f56bfc062723c751e8b465ee728b)
Start importing Assets/Image/Home-removebg-preview.png using Guid(e371c60be77a70641878761ff5b09da7) Importer(815301076,1909f56bfc062723c751e8b465ee728b) (PreviewImporter) -> (artifact id: 'fbba072e2dc8e9c24e024d80bdac0326') in 0.0384718 seconds
Number of updated asset objects reloaded before import = 0Number of asset objects unloaded after import = 3

========================================================================
Received Import Request.
  Time since last request: 158.800430 seconds.
  path: Assets/Image/set-up-svg-icon-free-settings-icon-black-11553450888ksmklhagoh-removebg-preview.png
  artifactKey: Guid(a5852f1fffa203c41a45c8b7090c7692) Importer(815301076,1909f56bfc062723c751e8b465ee728b)
Start importing Assets/Image/set-up-svg-icon-free-settings-icon-black-11553450888ksmklhagoh-removebg-preview.png using Guid(a5852f1fffa203c41a45c8b7090c7692) Importer(815301076,1909f56bfc062723c751e8b465ee728b) (PreviewImporter) -> (artifact id: '65e2a95a3fcdce3ef46732bd171b9334') in 0.0395437 seconds
Number of updated asset objects reloaded before import = 0Number of asset objects unloaded after import = 2

========================================================================
Received Import Request.
  Time since last request: 7.151796 seconds.
  path: Assets/Image/set-up-svg-icon-free-settings-icon-black-11553450888ksmklhagoh-removebg-preview.png
  artifactKey: Guid(a5852f1fffa203c41a45c8b7090c7692) Importer(815301076,1909f56bfc062723c751e8b465ee728b)
Start importing Assets/Image/set-up-svg-icon-free-settings-icon-black-11553450888ksmklhagoh-removebg-preview.png using Guid(a5852f1fffa203c41a45c8b7090c7692) Importer(815301076,1909f56bfc062723c751e8b465ee728b) (PreviewImporter) -> (artifact id: 'a73d1290cd7ae85a12d8d0c947d40181') in 0.0426077 seconds
Number of updated asset objects reloaded before import = 0Number of asset objects unloaded after import = 3

========================================================================
Received Import Request.
  Time since last request: 123.105379 seconds.
  path: Assets/Image/png-clipart-undo-computer-icons-font-awesome-arrow-font-restart-monochrome-black-thumbnail-removebg-preview.png
  artifactKey: Guid(a8f40832e8038f84485ea768a65acec1) Importer(815301076,1909f56bfc062723c751e8b465ee728b)
Start importing Assets/Image/png-clipart-undo-computer-icons-font-awesome-arrow-font-restart-monochrome-black-thumbnail-removebg-preview.png using Guid(a8f40832e8038f84485ea768a65acec1) Importer(815301076,1909f56bfc062723c751e8b465ee728b) (PreviewImporter) -> (artifact id: 'eefd6d5d485c3b7179c0cba5770773f0') in 0.0317283 seconds
Number of updated asset objects reloaded before import = 0Number of asset objects unloaded after import = 2

========================================================================
Received Import Request.
  Time since last request: 6.211047 seconds.
  path: Assets/Image/png-clipart-undo-computer-icons-font-awesome-arrow-font-restart-monochrome-black-thumbnail-removebg-preview.png
  artifactKey: Guid(a8f40832e8038f84485ea768a65acec1) Importer(815301076,1909f56bfc062723c751e8b465ee728b)
Start importing Assets/Image/png-clipart-undo-computer-icons-font-awesome-arrow-font-restart-monochrome-black-thumbnail-removebg-preview.png using Guid(a8f40832e8038f84485ea768a65acec1) Importer(815301076,1909f56bfc062723c751e8b465ee728b) (PreviewImporter) -> (artifact id: 'c44a68b42934a6b28912f9783196253c') in 0.0389752 seconds
Number of updated asset objects reloaded before import = 0Number of asset objects unloaded after import = 3

========================================================================
Received Import Request.
  Time since last request: 392.225736 seconds.
  path: Assets/Image/Icon
  artifactKey: Guid(1a72fc111b1deba4f805735d1c62df0d) Importer(815301076,1909f56bfc062723c751e8b465ee728b)
Start importing Assets/Image/Icon using Guid(1a72fc111b1deba4f805735d1c62df0d) Importer(815301076,1909f56bfc062723c751e8b465ee728b) (PreviewImporter) -> (artifact id: 'db1ab77c4809316bd0bdca73a71ce5e5') in 0.0020677 seconds
Number of updated asset objects reloaded before import = 0Number of asset objects unloaded after import = 0

========================================================================
Received Import Request.
  Time since last request: 10.524776 seconds.
  path: Assets/Image
  artifactKey: Guid(0705f30a9f29c3e449b327de0d9ea3ac) Importer(815301076,1909f56bfc062723c751e8b465ee728b)
Start importing Assets/Image using Guid(0705f30a9f29c3e449b327de0d9ea3ac) Importer(815301076,1909f56bfc062723c751e8b465ee728b) (PreviewImporter) -> (artifact id: 'add375bb8d207ca783793b0f3a13b3eb') in 0.0008617 seconds
Number of updated asset objects reloaded before import = 0Number of asset objects unloaded after import = 0

========================================================================
Received Import Request.
  Time since last request: 6.353240 seconds.
  path: Assets/Image/bg
  artifactKey: Guid(85441f7af91468040af7f2d29fcaf8e9) Importer(815301076,1909f56bfc062723c751e8b465ee728b)
Start importing Assets/Image/bg using Guid(85441f7af91468040af7f2d29fcaf8e9) Importer(815301076,1909f56bfc062723c751e8b465ee728b) (PreviewImporter) -> (artifact id: '64ba696490d1fbd427353ed9a8aa5d62') in 0.0009412 seconds
Number of updated asset objects reloaded before import = 0Number of asset objects unloaded after import = 0

========================================================================
Received Import Request.
  Time since last request: 89.566306 seconds.
  path: Assets/Image/LeftArrow-removebg-preview.png
  artifactKey: Guid(724440184f7ff684a966deadabcf0f5a) Importer(815301076,1909f56bfc062723c751e8b465ee728b)
Start importing Assets/Image/LeftArrow-removebg-preview.png using Guid(724440184f7ff684a966deadabcf0f5a) Importer(815301076,1909f56bfc062723c751e8b465ee728b) (PreviewImporter) -> (artifact id: '01ec07b3b20288d833c534c97f6d6c45') in 0.0432423 seconds
Number of updated asset objects reloaded before import = 0Number of asset objects unloaded after import = 2

========================================================================
Received Import Request.
  Time since last request: 6.530350 seconds.
  path: Assets/Image/LeftArrow-removebg-preview.png
  artifactKey: Guid(724440184f7ff684a966deadabcf0f5a) Importer(815301076,1909f56bfc062723c751e8b465ee728b)
Start importing Assets/Image/LeftArrow-removebg-preview.png using Guid(724440184f7ff684a966deadabcf0f5a) Importer(815301076,1909f56bfc062723c751e8b465ee728b) (PreviewImporter) -> (artifact id: '88988b9b7d0934dd56c09806c6fbb16d') in 0.0458831 seconds
Number of updated asset objects reloaded before import = 0Number of asset objects unloaded after import = 3

